<?xml version="1.0" encoding="UTF-8"?>
<!-- Generated by org.testng.reporters.JUnitReportReporter -->
<testsuite hostname="DESKTOP-MK9SME7" failures="0" tests="1" name="e2e.CourseManagement_e2e" time="7.480" errors="0" timestamp="2024-09-27T13:38:58 WAT" skipped="0">
  <testcase classname="e2e.CourseManagement_e2e" name="Search_Course" time="7.480"/>
  <system-out/>
</testsuite> <!-- e2e.CourseManagement_e2e -->
