<?xml version="1.0" encoding="UTF-8"?>
<!-- Generated by org.testng.reporters.JUnitReportReporter -->
<testsuite hostname="DESKTOP-MK9SME7" failures="0" tests="1" name="e2e.StudentSearch_e2e" time="4.574" errors="0" timestamp="2024-09-22T10:06:25 WAT" skipped="0">
  <testcase classname="e2e.StudentSearch_e2e" name="Open_Student_Portal" time="4.574"/>
  <system-out/>
</testsuite> <!-- e2e.StudentSearch_e2e -->
